<?xml version="1.0" encoding="UTF-8"?>
<testng-results ignored="0" total="1" passed="0" failed="1" skipped="0">
  <reporter-output>
  </reporter-output>
  <suite started-at="2022-08-11T12:08:45 IST" name="Default suite" finished-at="2022-08-11T12:08:53 IST" duration-ms="7908">
    <groups>
    </groups>
    <test started-at="2022-08-11T12:08:45 IST" name="Default test" finished-at="2022-08-11T12:08:53 IST" duration-ms="7908">
      <class name="com.crm.createOrganisation.EditRegisteredRoomDetails">
        <test-method is-config="true" signature="dbConfig()[pri:0, instance:com.crm.createOrganisation.EditRegisteredRoomDetails@196a42c3]" started-at="2022-08-11T12:08:45 IST" name="dbConfig" finished-at="2022-08-11T12:08:45 IST" duration-ms="18" status="PASS">
          <reporter-output>
          </reporter-output>
        </test-method> <!-- dbConfig -->
        <test-method is-config="true" signature="launchTheBrowser()[pri:0, instance:com.crm.createOrganisation.EditRegisteredRoomDetails@196a42c3]" started-at="2022-08-11T12:08:46 IST" name="launchTheBrowser" finished-at="2022-08-11T12:08:52 IST" duration-ms="6686" status="PASS">
          <reporter-output>
          </reporter-output>
        </test-method> <!-- launchTheBrowser -->
        <test-method signature="edit()[pri:0, instance:com.crm.createOrganisation.EditRegisteredRoomDetails@196a42c3]" started-at="2022-08-11T12:08:52 IST" name="edit" finished-at="2022-08-11T12:08:52 IST" duration-ms="242" status="FAIL">
          <exception class="java.lang.AssertionError">
            <message>
              <![CDATA[null]]>
            </message>
            <full-stacktrace>
              <![CDATA[java.lang.AssertionError: null
at org.testng.Assert.fail(Assert.java:110)
at org.testng.Assert.fail(Assert.java:115)
at com.crm.createOrganisation.EditRegisteredRoomDetails.edit(EditRegisteredRoomDetails.java:25)
at java.base/jdk.internal.reflect.NativeMethodAccessorImpl.invoke0(Native Method)
at java.base/jdk.internal.reflect.NativeMethodAccessorImpl.invoke(NativeMethodAccessorImpl.java:64)
at java.base/jdk.internal.reflect.DelegatingMethodAccessorImpl.invoke(DelegatingMethodAccessorImpl.java:43)
at java.base/java.lang.reflect.Method.invoke(Method.java:564)
at org.testng.internal.invokers.MethodInvocationHelper.invokeMethod(MethodInvocationHelper.java:139)
at org.testng.internal.invokers.TestInvoker.invokeMethod(TestInvoker.java:677)
at org.testng.internal.invokers.TestInvoker.invokeTestMethod(TestInvoker.java:221)
at org.testng.internal.invokers.MethodRunner.runInSequence(MethodRunner.java:50)
at org.testng.internal.invokers.TestInvoker$MethodInvocationAgent.invoke(TestInvoker.java:962)
at org.testng.internal.invokers.TestInvoker.invokeTestMethods(TestInvoker.java:194)
at org.testng.internal.invokers.TestMethodWorker.invokeTestMethods(TestMethodWorker.java:148)
at org.testng.internal.invokers.TestMethodWorker.run(TestMethodWorker.java:128)
at java.base/java.util.ArrayList.forEach(ArrayList.java:1511)
at org.testng.TestRunner.privateRun(TestRunner.java:806)
at org.testng.TestRunner.run(TestRunner.java:601)
at org.testng.SuiteRunner.runTest(SuiteRunner.java:433)
at org.testng.SuiteRunner.runSequentially(SuiteRunner.java:427)
at org.testng.SuiteRunner.privateRun(SuiteRunner.java:387)
at org.testng.SuiteRunner.run(SuiteRunner.java:330)
at org.testng.SuiteRunnerWorker.runSuite(SuiteRunnerWorker.java:52)
at org.testng.SuiteRunnerWorker.run(SuiteRunnerWorker.java:95)
at org.testng.TestNG.runSuitesSequentially(TestNG.java:1256)
at org.testng.TestNG.runSuitesLocally(TestNG.java:1176)
at org.testng.TestNG.runSuites(TestNG.java:1099)
at org.testng.TestNG.run(TestNG.java:1067)
at org.testng.remote.AbstractRemoteTestNG.run(AbstractRemoteTestNG.java:115)
at org.testng.remote.RemoteTestNG.initAndRun(RemoteTestNG.java:251)
at org.testng.remote.RemoteTestNG.main(RemoteTestNG.java:77)
]]>
            </full-stacktrace>
          </exception> <!-- java.lang.AssertionError -->
          <reporter-output>
          </reporter-output>
        </test-method> <!-- edit -->
        <test-method is-config="true" signature="closeTheBrowser()[pri:0, instance:com.crm.createOrganisation.EditRegisteredRoomDetails@196a42c3]" started-at="2022-08-11T12:08:53 IST" name="closeTheBrowser" finished-at="2022-08-11T12:08:53 IST" duration-ms="722" status="PASS">
          <reporter-output>
          </reporter-output>
        </test-method> <!-- closeTheBrowser -->
        <test-method is-config="true" signature="closeDBconfig()[pri:0, instance:com.crm.createOrganisation.EditRegisteredRoomDetails@196a42c3]" started-at="2022-08-11T12:08:53 IST" name="closeDBconfig" finished-at="2022-08-11T12:08:53 IST" duration-ms="0" status="PASS">
          <reporter-output>
          </reporter-output>
        </test-method> <!-- closeDBconfig -->
      </class> <!-- com.crm.createOrganisation.EditRegisteredRoomDetails -->
    </test> <!-- Default test -->
  </suite> <!-- Default suite -->
</testng-results>
